app/build/intermediates/manifest_merge_blame_file/debug/manifest-merger-blame-debug-report.txt
1<?xml version="1.0" encoding="utf-8"?>
2<manifest xmlns:android="http://schemas.android.com/apk/res/android"
3    package="com.antivirusapp9.app"
4    android:versionCode="1"
5    android:versionName="1.0" >
6
7    <uses-sdk
8        android:minSdkVersion="14"
8-->src\main\AndroidManifest.xml
9        android:targetSdkVersion="29" />
9-->src\main\AndroidManifest.xml
10
11    <!--
12     <uses-sdk
13        android:minSdkVersion="14"
14        />
15    -->
16    <!-- android:targetSdkVersion="22" -->
17    <application
17-->src\main\AndroidManifest.xml:11:5-34:19
18        android:allowBackup="true"
18-->src\main\AndroidManifest.xml:12:9-35
19        android:debuggable="true"
20        android:icon="@drawable/ic_launcher"
20-->src\main\AndroidManifest.xml:13:9-45
21        android:label="@string/app_name"
21-->src\main\AndroidManifest.xml:14:9-41
22        android:testOnly="true"
23        android:theme="@style/AppTheme" >
23-->src\main\AndroidManifest.xml:15:9-40
24        <activity
24-->src\main\AndroidManifest.xml:17:9-26:20
25            android:name="com.antivirusapp9.app.ListAppActivity"
25-->src\main\AndroidManifest.xml:18:13-44
26            android:label="@string/app_name"
26-->src\main\AndroidManifest.xml:19:13-45
27            android:screenOrientation="portrait" >
27-->src\main\AndroidManifest.xml:20:13-49
28            <intent-filter>
28-->src\main\AndroidManifest.xml:22:13-25:29
29                <action android:name="android.intent.action.MAIN" />
29-->src\main\AndroidManifest.xml:23:17-69
29-->src\main\AndroidManifest.xml:23:25-66
30
31                <category android:name="android.intent.category.LAUNCHER" />
31-->src\main\AndroidManifest.xml:24:5-65
31-->src\main\AndroidManifest.xml:24:15-62
32            </intent-filter>
33        </activity>
34        <activity
34-->src\main\AndroidManifest.xml:28:9-31:15
35            android:name="com.antivirusapp9.app.Result"
35-->src\main\AndroidManifest.xml:29:13-35
36            android:screenOrientation="portrait" />
36-->src\main\AndroidManifest.xml:30:13-49
37    </application>
38
39</manifest>